\BOOKMARK [-1][-]{part.1}{I Acknowledgements}{}% 1
\BOOKMARK [-1][-]{part.2}{II Contents}{}% 2
\BOOKMARK [0][-]{chapter.1}{Introduction}{part.2}% 3
\BOOKMARK [0][-]{chapter.2}{Installing CIVET}{part.2}% 4
\BOOKMARK [0][-]{chapter.3}{Home Page Options}{part.2}% 5
\BOOKMARK [1][-]{section.3.1}{Program Navigation Placeholders}{chapter.3}% 6
\BOOKMARK [0][-]{chapter.4}{CIVET Coding Form Templates}{part.2}% 7
\BOOKMARK [1][-]{section.4.1}{Simple Template-Based Data Entry Form}{chapter.4}% 8
\BOOKMARK [1][-]{section.4.2}{Command formats}{chapter.4}% 9
\BOOKMARK [1][-]{section.4.3}{Templates: Specifying variables}{chapter.4}% 10
\BOOKMARK [1][-]{section.4.4}{Templates: Data Entry Fields}{chapter.4}% 11
\BOOKMARK [1][-]{section.4.5}{Templates: Additional Web Page Formatting}{chapter.4}% 12
\BOOKMARK [0][-]{chapter.5}{CIVET Workspaces}{part.2}% 13
\BOOKMARK [1][-]{section.5.1}{Workspace Management}{chapter.5}% 14
\BOOKMARK [1][-]{section.5.2}{User-specified annotation vocabulary using category}{chapter.5}% 15
\BOOKMARK [0][-]{chapter.6}{Annotation and Editing Collections}{part.2}% 16
\BOOKMARK [1][-]{section.6.1}{Comments on annotation and editing}{chapter.6}% 17
\BOOKMARK [0][-]{chapter.7}{Coding and Text Extraction}{part.2}% 18
\BOOKMARK [0][-]{chapter.8}{Projected Features}{part.2}% 19
\BOOKMARK [0][-]{chapter.9}{Appendix 1: Sample Template File}{part.2}% 20
\BOOKMARK [0][-]{chapter.10}{Appendix 2: Input Format}{part.2}% 21
\BOOKMARK [1][-]{section.10.1}{Collection fields}{chapter.10}% 22
\BOOKMARK [1][-]{section.10.2}{Text fields}{chapter.10}% 23
\BOOKMARK [1][-]{section.10.3}{Case fields}{chapter.10}% 24
\BOOKMARK [1][-]{section.10.4}{Date formats}{chapter.10}% 25
\BOOKMARK [1][-]{section.10.5}{Sample File}{chapter.10}% 26
\BOOKMARK [0][-]{chapter.11}{Appendix 3: Supporting Files}{part.2}% 27
\BOOKMARK [1][-]{section.11.1}{Files in /static/djciv\137data}{chapter.11}% 28
\BOOKMARK [1][-]{section.11.2}{Documentation}{chapter.11}% 29
\BOOKMARK [0][-]{chapter.12}{Appendix 4: Prototype on Google Application Engine}{part.2}% 30
